<?xml version="1.0" encoding="UTF-8"?>
<!-- Generated by org.testng.reporters.JUnitReportReporter -->
<testsuite hostname="lpbr208-kmsudeep" failures="0" tests="1" name="Spotify.Oauth2.Playlists" time="6.066" errors="0" timestamp="2025-02-09T13:34:36 IST" skipped="0">
  <testcase classname="Spotify.Oauth2.Playlists" name="CreatePlaylist" time="6.066"/>
</testsuite> <!-- Spotify.Oauth2.Playlists -->
